[17:53:32] [ServerMain/INFO]: Environment: authHost='https://authserver.mojang.com', accountsHost='https://api.mojang.com', sessionHost='https://sessionserver.mojang.com', servicesHost='https://api.minecraftservices.com', name='PROD'
[17:53:33] [ServerMain/INFO]: Loaded 7 recipes
[17:53:33] [Server thread/INFO]: Starting minecraft server version 1.20.1
[17:53:33] [Server thread/INFO]: Loading properties
[17:53:34] [Server thread/INFO]: This server is running Paper version git-Paper-196 (MC: 1.20.1) (Implementing API version 1.20.1-R0.1-SNAPSHOT) (Git: 773dd72)
[17:53:34] [Server thread/INFO]: Server Ping Player Sample Count: 12
[17:53:34] [Server thread/INFO]: Using 4 threads for Netty based IO
[17:53:34] [Server thread/WARN]: [!] The timings profiler has been enabled but has been scheduled for removal from Paper in the future.
    We recommend installing the spark profiler as a replacement: https://spark.lucko.me/
    For more information please visit: https://github.com/PaperMC/Paper/issues/8948
[17:53:34] [Server thread/INFO]: [ChunkTaskScheduler] Chunk system is using 1 I/O threads, 1 worker threads, and gen parallelism of 1 threads
[17:53:34] [Server thread/WARN]: Unable to read file whitelist.json, backing it up to {0}.backup and creating new copy.
com.google.gson.JsonSyntaxException: Expected a com.google.gson.JsonArray but was com.google.gson.JsonObject; at path $
	at com.google.gson.internal.bind.TypeAdapters$34$1.read(TypeAdapters.java:1010) ~[gson-2.10.jar:?]
	at com.google.gson.Gson.fromJson(Gson.java:1214) ~[gson-2.10.jar:?]
	at com.google.gson.Gson.fromJson(Gson.java:1124) ~[gson-2.10.jar:?]
	at com.google.gson.Gson.fromJson(Gson.java:1062) ~[gson-2.10.jar:?]
	at net.minecraft.server.players.StoredUserList.load(StoredUserList.java:184) ~[?:?]
	at net.minecraft.server.dedicated.DedicatedPlayerList.loadWhiteList(DedicatedPlayerList.java:118) ~[paper-1.20.1.jar:git-Paper-196]
	at net.minecraft.server.dedicated.DedicatedPlayerList.loadAndSaveFiles(DedicatedPlayerList.java:31) ~[paper-1.20.1.jar:git-Paper-196]
	at net.minecraft.server.dedicated.DedicatedServer.initServer(DedicatedServer.java:215) ~[paper-1.20.1.jar:git-Paper-196]
	at net.minecraft.server.MinecraftServer.runServer(MinecraftServer.java:1100) ~[paper-1.20.1.jar:git-Paper-196]
	at net.minecraft.server.MinecraftServer.lambda$spin$0(MinecraftServer.java:317) ~[paper-1.20.1.jar:git-Paper-196]
	at java.lang.Thread.run(Thread.java:840) ~[?:?]
[17:53:34] [Server thread/INFO]: Default game type: SURVIVAL
[17:53:34] [Server thread/INFO]: Generating keypair
[17:53:35] [Server thread/INFO]: Starting Minecraft server on *:25565
[17:53:35] [Server thread/INFO]: Using epoll channel type
[17:53:35] [Server thread/INFO]: Paper: Using libdeflate (Linux x86_64) compression from Velocity.
[17:53:35] [Server thread/INFO]: Paper: Using OpenSSL 3.0.x (Linux x86_64) cipher from Velocity.
[17:53:35] [Server thread/INFO]: Server permissions file permissions.yml is empty, ignoring it
[17:53:35] [Server thread/INFO]: Preparing level "world"
[17:53:35] [Server thread/INFO]: Preparing start region for dimension minecraft:overworld
[17:53:35] [Server thread/INFO]: Time elapsed: 342 ms
[17:53:35] [Server thread/INFO]: Preparing start region for dimension minecraft:the_nether
[17:53:36] [Server thread/INFO]: Time elapsed: 95 ms
[17:53:36] [Server thread/INFO]: Preparing start region for dimension minecraft:the_end
[17:53:36] [Server thread/INFO]: Time elapsed: 67 ms
[17:53:36] [Server thread/INFO]: Running delayed init tasks
[17:53:36] [Server thread/INFO]: Done (2.268s)! For help, type "help"
[17:53:36] [Server thread/INFO]: Timings Reset
